<?xml version="1.0" encoding="UTF-8"?>
<!-- Generated by org.testng.reporters.JUnitReportReporter -->
<testsuite hostname="DESKTOP-1K6IBAN" failures="0" tests="1" name="com.tmb.tests.DemoTest" time="0.095" errors="0" timestamp="2023-06-02T14:59:43 IST" skipped="0">
  <testcase classname="com.tmb.tests.DemoTest" name="testName" time="0.095"/>
  <system-out/>
</testsuite> <!-- com.tmb.tests.DemoTest -->
